c:\users\ayan\desktop\university work\voxceron-engine\build\voxceron.dir\debug\vc143.pdb
c:\users\ayan\desktop\university work\voxceron-engine\build\voxceron.dir\debug\main.obj
c:\users\ayan\desktop\university work\voxceron-engine\build\voxceron.dir\debug\world.obj
c:\users\ayan\desktop\university work\voxceron-engine\build\voxceron.dir\debug\renderer.obj
c:\users\ayan\desktop\university work\voxceron-engine\build\voxceron.dir\debug\inputhandler.obj
c:\users\ayan\desktop\university work\voxceron-engine\build\voxceron.dir\debug\engine.obj
c:\users\ayan\desktop\university work\voxceron-engine\build\voxceron.dir\debug\chunk.obj
c:\users\ayan\desktop\university work\voxceron-engine\build\cmakefiles\generate.stamp
c:\users\ayan\desktop\university work\voxceron-engine\build\debug\voxceron.exe
c:\users\ayan\desktop\university work\voxceron-engine\build\debug\voxceron.pdb
c:\users\ayan\desktop\university work\voxceron-engine\build\voxceron.dir\debug\voxceron.ilk
c:\users\ayan\desktop\university work\voxceron-engine\build\voxceron.dir\debug\voxceron.tlog\cl.command.1.tlog
c:\users\ayan\desktop\university work\voxceron-engine\build\voxceron.dir\debug\voxceron.tlog\cl.items.tlog
c:\users\ayan\desktop\university work\voxceron-engine\build\voxceron.dir\debug\voxceron.tlog\cl.read.1.tlog
c:\users\ayan\desktop\university work\voxceron-engine\build\voxceron.dir\debug\voxceron.tlog\cl.write.1.tlog
c:\users\ayan\desktop\university work\voxceron-engine\build\voxceron.dir\debug\voxceron.tlog\custombuild.command.1.tlog
c:\users\ayan\desktop\university work\voxceron-engine\build\voxceron.dir\debug\voxceron.tlog\custombuild.read.1.tlog
c:\users\ayan\desktop\university work\voxceron-engine\build\voxceron.dir\debug\voxceron.tlog\custombuild.write.1.tlog
c:\users\ayan\desktop\university work\voxceron-engine\build\voxceron.dir\debug\voxceron.tlog\link.command.1.tlog
c:\users\ayan\desktop\university work\voxceron-engine\build\voxceron.dir\debug\voxceron.tlog\link.read.1.tlog
c:\users\ayan\desktop\university work\voxceron-engine\build\voxceron.dir\debug\voxceron.tlog\link.secondary.1.tlog
c:\users\ayan\desktop\university work\voxceron-engine\build\voxceron.dir\debug\voxceron.tlog\link.write.1.tlog
