c:\users\ayan\desktop\university work\voxceron-engine\build\debug\imgui.pdb
c:\users\ayan\desktop\university work\voxceron-engine\build\imgui.dir\debug\imgui_impl_vulkan.obj
c:\users\ayan\desktop\university work\voxceron-engine\build\imgui.dir\debug\imgui_impl_glfw.obj
c:\users\ayan\desktop\university work\voxceron-engine\build\imgui.dir\debug\imgui_widgets.obj
c:\users\ayan\desktop\university work\voxceron-engine\build\imgui.dir\debug\imgui_tables.obj
c:\users\ayan\desktop\university work\voxceron-engine\build\imgui.dir\debug\imgui_draw.obj
c:\users\ayan\desktop\university work\voxceron-engine\build\imgui.dir\debug\imgui_demo.obj
c:\users\ayan\desktop\university work\voxceron-engine\build\imgui.dir\debug\imgui.obj
c:\users\ayan\desktop\university work\voxceron-engine\build\cmakefiles\generate.stamp
c:\users\ayan\desktop\university work\voxceron-engine\build\debug\imgui.lib
c:\users\ayan\desktop\university work\voxceron-engine\build\imgui.dir\debug\imgui.tlog\cl.command.1.tlog
c:\users\ayan\desktop\university work\voxceron-engine\build\imgui.dir\debug\imgui.tlog\cl.items.tlog
c:\users\ayan\desktop\university work\voxceron-engine\build\imgui.dir\debug\imgui.tlog\cl.read.1.tlog
c:\users\ayan\desktop\university work\voxceron-engine\build\imgui.dir\debug\imgui.tlog\cl.write.1.tlog
c:\users\ayan\desktop\university work\voxceron-engine\build\imgui.dir\debug\imgui.tlog\custombuild.command.1.tlog
c:\users\ayan\desktop\university work\voxceron-engine\build\imgui.dir\debug\imgui.tlog\custombuild.read.1.tlog
c:\users\ayan\desktop\university work\voxceron-engine\build\imgui.dir\debug\imgui.tlog\custombuild.write.1.tlog
c:\users\ayan\desktop\university work\voxceron-engine\build\imgui.dir\debug\imgui.tlog\lib-link.read.1.tlog
c:\users\ayan\desktop\university work\voxceron-engine\build\imgui.dir\debug\imgui.tlog\lib.command.1.tlog
c:\users\ayan\desktop\university work\voxceron-engine\build\imgui.dir\debug\imgui.tlog\lib.write.1.tlog
